2020-02-15 16:05:30,462 DEBUG [main] InternalLoggerFactory:47 - Using Log4J as the default logging framework
2020-02-15 16:05:30,478 DEBUG [main] ResourceLeakDetector:129 - -Dio.netty.leakDetection.level: simple
2020-02-15 16:05:30,478 DEBUG [main] ResourceLeakDetector:130 - -Dio.netty.leakDetection.targetRecords: 4
2020-02-15 16:05:30,509 DEBUG [main] PlatformDependent:987 - Platform: Windows
2020-02-15 16:05:30,509 DEBUG [main] PlatformDependent0:396 - -Dio.netty.noUnsafe: false
2020-02-15 16:05:30,509 DEBUG [main] PlatformDependent0:852 - Java version: 8
2020-02-15 16:05:30,509 DEBUG [main] PlatformDependent0:121 - sun.misc.Unsafe.theUnsafe: available
2020-02-15 16:05:30,509 DEBUG [main] PlatformDependent0:145 - sun.misc.Unsafe.copyMemory: available
2020-02-15 16:05:30,509 DEBUG [main] PlatformDependent0:183 - java.nio.Buffer.address: available
2020-02-15 16:05:30,509 DEBUG [main] PlatformDependent0:244 - direct buffer constructor: available
2020-02-15 16:05:30,509 DEBUG [main] PlatformDependent0:314 - java.nio.Bits.unaligned: available, true
2020-02-15 16:05:30,509 DEBUG [main] PlatformDependent0:379 - jdk.internal.misc.Unsafe.allocateUninitializedArray(int): unavailable prior to Java9
2020-02-15 16:05:30,509 DEBUG [main] PlatformDependent0:386 - java.nio.DirectByteBuffer.<init>(long, int): available
2020-02-15 16:05:30,525 DEBUG [main] PlatformDependent:1030 - sun.misc.Unsafe: available
2020-02-15 16:05:30,525 DEBUG [main] PlatformDependent:1149 - -Dio.netty.tmpdir: C:\Users\user\AppData\Local\Temp (java.io.tmpdir)
2020-02-15 16:05:30,525 DEBUG [main] PlatformDependent:1228 - -Dio.netty.bitMode: 64 (sun.arch.data.model)
2020-02-15 16:05:30,525 DEBUG [main] PlatformDependent:174 - -Dio.netty.maxDirectMemory: 921174016 bytes
2020-02-15 16:05:30,525 DEBUG [main] PlatformDependent:181 - -Dio.netty.uninitializedArrayAllocationThreshold: -1
2020-02-15 16:05:30,525 DEBUG [main] CleanerJava6:92 - java.nio.ByteBuffer.cleaner(): available
2020-02-15 16:05:30,525 DEBUG [main] PlatformDependent:201 - -Dio.netty.noPreferDirect: false
2020-02-15 16:05:30,525 DEBUG [main] ResourceLeakDetectorFactory:195 - Loaded default ResourceLeakDetector: io.netty.util.ResourceLeakDetector@60611244
2020-02-15 16:05:30,540 DEBUG [main] PlatformDependent:891 - org.jctools-core.MpscChunkedArrayQueue: available
2020-02-15 16:05:30,948 DEBUG [main] JdkSslContext:96 - Default protocols (JDK): [TLSv1.2, TLSv1.1, TLSv1] 
2020-02-15 16:05:30,948 DEBUG [main] JdkSslContext:97 - Default cipher suites (JDK): [TLS_ECDHE_ECDSA_WITH_AES_256_GCM_SHA384, TLS_ECDHE_ECDSA_WITH_AES_128_GCM_SHA256, TLS_ECDHE_RSA_WITH_AES_128_GCM_SHA256, TLS_ECDHE_RSA_WITH_AES_256_GCM_SHA384, TLS_ECDHE_RSA_WITH_AES_128_CBC_SHA, TLS_ECDHE_RSA_WITH_AES_256_CBC_SHA, TLS_RSA_WITH_AES_128_GCM_SHA256, TLS_RSA_WITH_AES_128_CBC_SHA, TLS_RSA_WITH_AES_256_CBC_SHA]
2020-02-15 16:05:30,979 DEBUG [main] InternalThreadLocalMap:54 - -Dio.netty.threadLocalMap.stringBuilder.initialSize: 1024
2020-02-15 16:05:30,979 DEBUG [main] InternalThreadLocalMap:57 - -Dio.netty.threadLocalMap.stringBuilder.maxSize: 4096
2020-02-15 16:05:30,995 DEBUG [main] MultithreadEventLoopGroup:44 - -Dio.netty.eventLoopThreads: 8
2020-02-15 16:05:31,011 DEBUG [main] NioEventLoop:106 - -Dio.netty.noKeySetOptimization: false
2020-02-15 16:05:31,011 DEBUG [main] NioEventLoop:107 - -Dio.netty.selectorAutoRebuildThreshold: 512
2020-02-15 16:05:31,057 DEBUG [main] PooledByteBufAllocator:142 - -Dio.netty.allocator.numHeapArenas: 8
2020-02-15 16:05:31,057 DEBUG [main] PooledByteBufAllocator:143 - -Dio.netty.allocator.numDirectArenas: 8
2020-02-15 16:05:31,057 DEBUG [main] PooledByteBufAllocator:145 - -Dio.netty.allocator.pageSize: 8192
2020-02-15 16:05:31,057 DEBUG [main] PooledByteBufAllocator:150 - -Dio.netty.allocator.maxOrder: 11
2020-02-15 16:05:31,057 DEBUG [main] PooledByteBufAllocator:154 - -Dio.netty.allocator.chunkSize: 16777216
2020-02-15 16:05:31,057 DEBUG [main] PooledByteBufAllocator:155 - -Dio.netty.allocator.tinyCacheSize: 512
2020-02-15 16:05:31,057 DEBUG [main] PooledByteBufAllocator:156 - -Dio.netty.allocator.smallCacheSize: 256
2020-02-15 16:05:31,057 DEBUG [main] PooledByteBufAllocator:157 - -Dio.netty.allocator.normalCacheSize: 64
2020-02-15 16:05:31,057 DEBUG [main] PooledByteBufAllocator:158 - -Dio.netty.allocator.maxCachedBufferCapacity: 32768
2020-02-15 16:05:31,057 DEBUG [main] PooledByteBufAllocator:159 - -Dio.netty.allocator.cacheTrimInterval: 8192
2020-02-15 16:05:31,057 DEBUG [main] PooledByteBufAllocator:160 - -Dio.netty.allocator.cacheTrimIntervalMillis: 0
2020-02-15 16:05:31,057 DEBUG [main] PooledByteBufAllocator:161 - -Dio.netty.allocator.useCacheForAllThreads: true
2020-02-15 16:05:31,057 DEBUG [main] PooledByteBufAllocator:162 - -Dio.netty.allocator.maxCachedByteBuffersPerChunk: 1023
2020-02-15 16:05:31,089 DEBUG [main] ByteBufUtil:85 - -Dio.netty.allocator.type: pooled
2020-02-15 16:05:31,089 DEBUG [main] ByteBufUtil:94 - -Dio.netty.threadLocalDirectBufferSize: 0
2020-02-15 16:05:31,089 DEBUG [main] ByteBufUtil:97 - -Dio.netty.maxThreadLocalCharBufferSize: 16384
2020-02-15 16:05:32,202 DEBUG [Forwarding newSession on session null to remote] DefaultChannelId:79 - -Dio.netty.processId: 6308 (auto-detected)
2020-02-15 16:05:32,206 DEBUG [Forwarding newSession on session null to remote] NetUtil:139 - -Djava.net.preferIPv4Stack: false
2020-02-15 16:05:32,207 DEBUG [Forwarding newSession on session null to remote] NetUtil:140 - -Djava.net.preferIPv6Addresses: false
2020-02-15 16:05:32,280 DEBUG [Forwarding newSession on session null to remote] NetUtil:224 - Loopback interface: lo (Software Loopback Interface 1, 127.0.0.1)
2020-02-15 16:05:32,280 DEBUG [Forwarding newSession on session null to remote] NetUtil:289 - Failed to get SOMAXCONN from sysctl and file \proc\sys\net\core\somaxconn. Default: 200
2020-02-15 16:05:32,373 DEBUG [Forwarding newSession on session null to remote] DefaultChannelId:101 - -Dio.netty.machineId: 4c:0f:6e:ff:fe:d9:58:2a (auto-detected)
2020-02-15 16:05:32,451 DEBUG [AsyncHttpClient-3-1] AbstractByteBuf:62 - -Dio.netty.buffer.checkAccessible: true
2020-02-15 16:05:32,451 DEBUG [AsyncHttpClient-3-1] AbstractByteBuf:63 - -Dio.netty.buffer.checkBounds: true
2020-02-15 16:05:32,451 DEBUG [AsyncHttpClient-3-1] ResourceLeakDetectorFactory:195 - Loaded default ResourceLeakDetector: io.netty.util.ResourceLeakDetector@39bdfb18
2020-02-15 16:05:32,483 DEBUG [AsyncHttpClient-3-1] Recycler:96 - -Dio.netty.recycler.maxCapacityPerThread: 4096
2020-02-15 16:05:32,483 DEBUG [AsyncHttpClient-3-1] Recycler:97 - -Dio.netty.recycler.maxSharedCapacityFactor: 2
2020-02-15 16:05:32,483 DEBUG [AsyncHttpClient-3-1] Recycler:98 - -Dio.netty.recycler.linkCapacity: 16
2020-02-15 16:05:32,483 DEBUG [AsyncHttpClient-3-1] Recycler:99 - -Dio.netty.recycler.ratio: 8
2020-02-15 16:05:42,411  INFO [main] TestPropertiesFileLog4j:20 - Opening Pack and Go application
