[INFO] [TestXMLFileLog4j] [TestApplication] Sample info message 
 [INFO] [TestXMLFileLog4j] [TestApplication] Sample info message 
 [INFO] [TestXMLFileLog4j] [TestApplication] Sample info message 
 [WARN] [TestXMLFileLog4j] [TestApplication] Sample warn message 
 [ERROR] [TestXMLFileLog4j] [TestApplication] Sample error message 
 [FATAL] [TestXMLFileLog4j] [TestApplication] Sample fatal message 
 [WARN] [TestXMLFileLog4j] [TestApplication] Sample warn message 
 [ERROR] [TestXMLFileLog4j] [TestApplication] Sample error message 
 [FATAL] [TestXMLFileLog4j] [TestApplication] Sample fatal message 
 [INFO] [TestXMLFileLog4j] [TestApplication] Sample info message 
 [INFO] [TestXMLFileLog4j] [TestApplication] Sample info message 
 [WARN] [TestXMLFileLog4j] [TestApplication] Sample warn message 
 [ERROR] [TestXMLFileLog4j] [TestApplication] Sample error message 
 [FATAL] [TestXMLFileLog4j] [TestApplication] Sample fatal message 
 [INFO] [TestXMLFileLog4j] [TestApplication] Sample info message 
 [WARN] [TestXMLFileLog4j] [TestApplication] Sample warn message 
 [ERROR] [TestXMLFileLog4j] [TestApplication] Sample error message 
 [FATAL] [TestXMLFileLog4j] [TestApplication] Sample fatal message 
 [INFO] [TestXMLFileLog4j] [TestApplication] Sample info message 
 [WARN] [TestXMLFileLog4j] [TestApplication] Sample warn message 
 [ERROR] [TestXMLFileLog4j] [TestApplication] Sample error message 
 [FATAL] [TestXMLFileLog4j] [TestApplication] Sample fatal message 
 [INFO] [TestXMLFileLog4j] [TestApplication] Sample info message 
 [WARN] [TestXMLFileLog4j] [TestApplication] Sample warn message 
 [ERROR] [TestXMLFileLog4j] [TestApplication] Sample error message 
 [FATAL] [TestXMLFileLog4j] [TestApplication] Sample fatal message 
 [INFO] [TestXMLFileLog4j] [TestApplication] Sample info message 
 [WARN] [TestXMLFileLog4j] [TestApplication] Sample warn message 
 [ERROR] [TestXMLFileLog4j] [TestApplication] Sample error message 
 [FATAL] [TestXMLFileLog4j] [TestApplication] Sample fatal message 
 [INFO] [TestXMLFileLog4j] [TestApplication] Sample info message 
 [WARN] [TestXMLFileLog4j] [TestApplication] Sample warn message 
 [ERROR] [TestXMLFileLog4j] [TestApplication] Sample error message 
 [FATAL] [TestXMLFileLog4j] [TestApplication] Sample fatal message 
 [INFO] [TestXMLFileLog4j] [TestApplication] Sample info message 
 [WARN] [TestXMLFileLog4j] [TestApplication] Sample warn message 
 [ERROR] [TestXMLFileLog4j] [TestApplication] Sample error message 
 [FATAL] [TestXMLFileLog4j] [TestApplication] Sample fatal message 
 [INFO] [TestXMLFileLog4j] [TestApplication] Sample info message 
 [WARN] [TestXMLFileLog4j] [TestApplication] Sample warn message 
 [ERROR] [TestXMLFileLog4j] [TestApplication] Sample error message 
 [FATAL] [TestXMLFileLog4j] [TestApplication] Sample fatal message 
 